<?xml version="1.0" encoding="UTF-8"?>
<!-- Generated by org.testng.reporters.JUnitReportReporter -->
<testsuite hostname="DESKTOP-V3TS40K" failures="0" tests="1" name="tests.ValidateNavBarTest" time="31.676" errors="0" timestamp="2022-05-23T09:48:10 CEST" skipped="0">
  <testcase classname="tests.ValidateNavBarTest" name="titleAssert" time="31.676"/>
  <system-out/>
</testsuite> <!-- tests.ValidateNavBarTest -->
